<?xml version="1.0" encoding="UTF-8"?>
<!-- Generated by org.testng.reporters.JUnitReportReporter -->
<testsuite hostname="Shivu" failures="0" tests="1" name="api.test.UserTest" time="13.691" errors="0" timestamp="2025-04-19T18:25:28 IST" skipped="0">
  <testcase classname="api.test.UserTest" name="testPostUser" time="13.691"/>
  <system-out/>
</testsuite> <!-- api.test.UserTest -->
