<?xml version="1.0" encoding="UTF-8"?>
<!-- Generated by org.testng.reporters.JUnitReportReporter -->
<testsuite hostname="Shivu" failures="0" tests="1" name="api.test.UserTest" time="14.129" errors="0" timestamp="2025-03-05T15:14:33 IST" skipped="0">
  <testcase classname="api.test.UserTest" name="testPostUser" time="14.129"/>
  <system-out/>
</testsuite> <!-- api.test.UserTest -->
